2024-11-08 18:53:55 [Information] Rozpoczęto monitorowanie folderu.
2024-11-08 18:56:17 [Information] Zmodyfikowano plik: C:\Users\nikodem\Sti_Trace — kopia.log
2024-11-08 18:56:18 [Information] Zmodyfikowano plik: C:\Users\nikodem\Sti_Trace — kopia.log
2024-11-08 18:56:19 [Information] Zmodyfikowano plik: C:\Users\nikodem\Sti_Trace — kopia.log
2024-11-08 18:56:20 [Information] Zmodyfikowano plik: C:\Users\nikodem\Sti_Trace — kopia.log
2024-11-08 18:56:22 [Information] Zmodyfikowano plik: C:\Users\nikodem\Sti_Trace — kopia.log
2024-11-08 18:56:48 [Information] Zmodyfikowano plik: C:\Users\nikodem\DirAnalyzer
2024-11-08 18:56:48 [Information] Zmodyfikowano plik: C:\Users\nikodem\DirAnalyzer
2024-11-08 18:56:48 [Information] Zmodyfikowano plik: C:\Users\nikodem\DirAnalyzer
2024-11-08 18:56:48 [Information] Zmodyfikowano plik: C:\Users\nikodem\DirAnalyzer
2024-11-08 18:56:48 [Information] Zmodyfikowano plik: C:\Users\nikodem\DirAnalyzer
2024-11-08 18:57:01 [Information] Zmodyfikowano plik: C:\Users\nikodem\DirAnalyzer
2024-11-08 18:57:01 [Information] Zmodyfikowano plik: C:\Users\nikodem\DirAnalyzer
2024-11-08 18:57:01 [Information] Zmodyfikowano plik: C:\Users\nikodem\DirAnalyzer
2024-11-08 18:57:01 [Information] Zmodyfikowano plik: C:\Users\nikodem\DirAnalyzer
2024-11-08 18:57:01 [Information] Zmodyfikowano plik: C:\Users\nikodem\DirAnalyzer
2024-11-08 18:57:17 [Information] Utworzono plik: C:\Users\nikodem\Nowy dokument tekstowy.txt
2024-11-08 18:57:20 [Information] Zmmieniono nazwę pliku: C:\Users\nikodem\Nowy dokument tekstowy.txt na C:\Users\nikodem\dotacje.txt
2024-11-08 18:57:23 [Information] Usunięto plik: C:\Users\nikodem\dotacje.txt
2024-11-08 18:57:27 [Information] Utworzono plik: C:\Users\nikodem\Nowy folder
2024-11-08 18:57:35 [Information] Zmmieniono nazwę pliku: C:\Users\nikodem\Nowy folder na C:\Users\nikodem\czesne
2024-11-08 18:57:43 [Information] Usunięto plik: C:\Users\nikodem\Sti_Trace — kopia.log
2024-11-08 18:57:47 [Information] Usunięto plik: C:\Users\nikodem\czesne
